<?xml version="1.0" encoding="UTF-8"?>
<testsuite xmlns:xsi="http://www.w3.org/2001/XMLSchema-instance" xsi:noNamespaceSchemaLocation="https://maven.apache.org/surefire/maven-surefire-plugin/xsd/surefire-test-report.xsd" name="es.uniovi.asw.SimpleTests" time="2.583" tests="4" errors="0" skipped="0" failures="0">
  <properties>
[...]
</properties>
  <testcase name="landingPageTest" classname="es.uniovi.asw.SimpleTests" time="0.492"/>
  <testcase name="SearchTest" classname="es.uniovi.asw.SimpleTests" time="0.054"/>
  <testcase name="SortTest" classname="es.uniovi.asw.SimpleTests" time="0.106"/>
  <testcase name="SearchErrorTest" classname="es.uniovi.asw.SimpleTests" time="0.018"/>
</testsuite>